2011/06/08 19:50:04 [trace] [system.CModule] Loading "log" application component
in /Applications/MAMP/htdocs/startapp/startapp/start/index.php (12)
2011/06/08 19:50:04 [trace] [system.CModule] Loading "request" application component
in /Applications/MAMP/htdocs/startapp/startapp/start/index.php (12)
2011/06/08 19:50:04 [trace] [system.CModule] Loading "urlManager" application component
in /Applications/MAMP/htdocs/startapp/startapp/start/index.php (12)
2011/06/08 19:50:04 [trace] [system.web.filters.CFilterChain] Running filter BookmarkController.filteraccessControl()
in /Applications/MAMP/htdocs/startapp/startapp/start/index.php (12)
2011/06/08 19:50:04 [trace] [system.CModule] Loading "user" application component
in /Applications/MAMP/htdocs/startapp/startapp/start/index.php (12)
2011/06/08 19:50:04 [trace] [system.CModule] Loading "session" application component
in /Applications/MAMP/htdocs/startapp/startapp/start/index.php (12)
2011/06/08 19:50:04 [trace] [system.CModule] Loading "db" application component
in /Applications/MAMP/htdocs/startapp/startapp/start/protected/controllers/BookmarkController.php (98)
in /Applications/MAMP/htdocs/startapp/startapp/start/index.php (12)
2011/06/08 19:50:04 [trace] [system.db.CDbConnection] Opening DB connection
in /Applications/MAMP/htdocs/startapp/startapp/start/protected/controllers/BookmarkController.php (98)
in /Applications/MAMP/htdocs/startapp/startapp/start/index.php (12)
2011/06/08 19:50:04 [trace] [system.db.CDbCommand] Querying SQL: SHOW COLUMNS FROM `tbl_bookmark`
in /Applications/MAMP/htdocs/startapp/startapp/start/protected/controllers/BookmarkController.php (98)
in /Applications/MAMP/htdocs/startapp/startapp/start/index.php (12)
2011/06/08 19:50:04 [trace] [system.db.CDbCommand] Querying SQL: SHOW CREATE TABLE `tbl_bookmark`
in /Applications/MAMP/htdocs/startapp/startapp/start/protected/controllers/BookmarkController.php (98)
in /Applications/MAMP/htdocs/startapp/startapp/start/index.php (12)
2011/06/08 19:50:04 [error] [php] Missing argument 1 for CActiveRecord::getAttribute(), called in /Applications/MAMP/htdocs/startapp/startapp/framework/base/CComponent.php on line 112 and defined (/Applications/MAMP/htdocs/startapp/startapp/framework/db/ar/CActiveRecord.php:664)
Stack trace:
#0 /Applications/MAMP/htdocs/startapp/startapp/start/protected/models/Bookmark.php(87): Bookmark->__get()
#1 /Applications/MAMP/htdocs/startapp/startapp/framework/validators/CInlineValidator.php(39): Bookmark->validateLink()
#2 /Applications/MAMP/htdocs/startapp/startapp/framework/validators/CValidator.php(192): CInlineValidator->validateAttribute()
#3 /Applications/MAMP/htdocs/startapp/startapp/framework/base/CModel.php(152): CInlineValidator->validate()
#4 /Applications/MAMP/htdocs/startapp/startapp/framework/db/ar/CActiveRecord.php(778): Bookmark->validate()
#5 /Applications/MAMP/htdocs/startapp/startapp/start/protected/controllers/BookmarkController.php(109): Bookmark->save()
#6 /Applications/MAMP/htdocs/startapp/startapp/framework/web/actions/CInlineAction.php(50): BookmarkController->actionAjaxCreate()
#7 /Applications/MAMP/htdocs/startapp/startapp/framework/web/CController.php(300): CInlineAction->runWithParams()
#8 /Applications/MAMP/htdocs/startapp/startapp/framework/web/filters/CFilterChain.php(133): BookmarkController->runAction()
#9 /Applications/MAMP/htdocs/startapp/startapp/framework/web/filters/CFilter.php(41): CFilterChain->run()
#10 /Applications/MAMP/htdocs/startapp/startapp/framework/web/CController.php(1122): CAccessControlFilter->filter()
#11 /Applications/MAMP/htdocs/startapp/startapp/framework/web/filters/CInlineFilter.php(59): BookmarkController->filterAccessControl()
#12 /Applications/MAMP/htdocs/startapp/startapp/framework/web/filters/CFilterChain.php(130): CInlineFilter->filter()
#13 /Applications/MAMP/htdocs/startapp/startapp/framework/web/CController.php(283): CFilterChain->run()
#14 /Applications/MAMP/htdocs/startapp/startapp/framework/web/CController.php(257): BookmarkController->runActionWithFilters()
#15 /Applications/MAMP/htdocs/startapp/startapp/framework/web/CWebApplication.php(328): BookmarkController->run()
#16 /Applications/MAMP/htdocs/startapp/startapp/framework/web/CWebApplication.php(121): CWebApplication->runController()
#17 /Applications/MAMP/htdocs/startapp/startapp/framework/base/CApplication.php(155): CWebApplication->processRequest()
#18 /Applications/MAMP/htdocs/startapp/startapp/start/index.php(12): CWebApplication->run()
REQUEST_URI=/startapp/start/index.php?r=bookmark/ajaxcreate
in /Applications/MAMP/htdocs/startapp/startapp/start/protected/models/Bookmark.php (87)
in /Applications/MAMP/htdocs/startapp/startapp/start/protected/controllers/BookmarkController.php (109)
in /Applications/MAMP/htdocs/startapp/startapp/start/index.php (12)
2011/06/08 19:50:04 [trace] [system.CModule] Loading "errorHandler" application component
in /Applications/MAMP/htdocs/startapp/startapp/start/protected/models/Bookmark.php (87)
in /Applications/MAMP/htdocs/startapp/startapp/start/protected/controllers/BookmarkController.php (109)
in /Applications/MAMP/htdocs/startapp/startapp/start/index.php (12)
2011/06/08 19:50:16 [trace] [system.CModule] Loading "log" application component
in /Applications/MAMP/htdocs/startapp/startapp/start/index.php (12)
2011/06/08 19:50:16 [trace] [system.CModule] Loading "request" application component
in /Applications/MAMP/htdocs/startapp/startapp/start/index.php (12)
2011/06/08 19:50:16 [trace] [system.CModule] Loading "urlManager" application component
in /Applications/MAMP/htdocs/startapp/startapp/start/index.php (12)
2011/06/08 19:50:16 [trace] [system.web.filters.CFilterChain] Running filter BookmarkController.filteraccessControl()
in /Applications/MAMP/htdocs/startapp/startapp/start/index.php (12)
2011/06/08 19:50:16 [trace] [system.CModule] Loading "user" application component
in /Applications/MAMP/htdocs/startapp/startapp/start/index.php (12)
2011/06/08 19:50:16 [trace] [system.CModule] Loading "session" application component
in /Applications/MAMP/htdocs/startapp/startapp/start/index.php (12)
2011/06/08 19:50:16 [trace] [system.CModule] Loading "db" application component
in /Applications/MAMP/htdocs/startapp/startapp/start/protected/controllers/BookmarkController.php (98)
in /Applications/MAMP/htdocs/startapp/startapp/start/index.php (12)
2011/06/08 19:50:16 [trace] [system.db.CDbConnection] Opening DB connection
in /Applications/MAMP/htdocs/startapp/startapp/start/protected/controllers/BookmarkController.php (98)
in /Applications/MAMP/htdocs/startapp/startapp/start/index.php (12)
2011/06/08 19:50:16 [trace] [system.db.CDbCommand] Querying SQL: SHOW COLUMNS FROM `tbl_bookmark`
in /Applications/MAMP/htdocs/startapp/startapp/start/protected/controllers/BookmarkController.php (98)
in /Applications/MAMP/htdocs/startapp/startapp/start/index.php (12)
2011/06/08 19:50:16 [trace] [system.db.CDbCommand] Querying SQL: SHOW CREATE TABLE `tbl_bookmark`
in /Applications/MAMP/htdocs/startapp/startapp/start/protected/controllers/BookmarkController.php (98)
in /Applications/MAMP/htdocs/startapp/startapp/start/index.php (12)
2011/06/08 19:50:39 [error] [php] Missing argument 1 for CActiveRecord::getAttribute(), called in /Applications/MAMP/htdocs/startapp/startapp/framework/base/CComponent.php on line 112 and defined (/Applications/MAMP/htdocs/startapp/startapp/framework/db/ar/CActiveRecord.php:664)
Stack trace:
#0 /Applications/MAMP/htdocs/startapp/startapp/start/protected/models/Bookmark.php(87): Bookmark->__get()
#1 /Applications/MAMP/htdocs/startapp/startapp/framework/validators/CInlineValidator.php(39): Bookmark->validateLink()
#2 /Applications/MAMP/htdocs/startapp/startapp/framework/validators/CValidator.php(192): CInlineValidator->validateAttribute()
#3 /Applications/MAMP/htdocs/startapp/startapp/framework/base/CModel.php(152): CInlineValidator->validate()
#4 /Applications/MAMP/htdocs/startapp/startapp/framework/db/ar/CActiveRecord.php(778): Bookmark->validate()
#5 /Applications/MAMP/htdocs/startapp/startapp/start/protected/controllers/BookmarkController.php(109): Bookmark->save()
#6 /Applications/MAMP/htdocs/startapp/startapp/framework/web/actions/CInlineAction.php(50): BookmarkController->actionAjaxCreate()
#7 /Applications/MAMP/htdocs/startapp/startapp/framework/web/CController.php(300): CInlineAction->runWithParams()
#8 /Applications/MAMP/htdocs/startapp/startapp/framework/web/filters/CFilterChain.php(133): BookmarkController->runAction()
#9 /Applications/MAMP/htdocs/startapp/startapp/framework/web/filters/CFilter.php(41): CFilterChain->run()
#10 /Applications/MAMP/htdocs/startapp/startapp/framework/web/CController.php(1122): CAccessControlFilter->filter()
#11 /Applications/MAMP/htdocs/startapp/startapp/framework/web/filters/CInlineFilter.php(59): BookmarkController->filterAccessControl()
#12 /Applications/MAMP/htdocs/startapp/startapp/framework/web/filters/CFilterChain.php(130): CInlineFilter->filter()
#13 /Applications/MAMP/htdocs/startapp/startapp/framework/web/CController.php(283): CFilterChain->run()
#14 /Applications/MAMP/htdocs/startapp/startapp/framework/web/CController.php(257): BookmarkController->runActionWithFilters()
#15 /Applications/MAMP/htdocs/startapp/startapp/framework/web/CWebApplication.php(328): BookmarkController->run()
#16 /Applications/MAMP/htdocs/startapp/startapp/framework/web/CWebApplication.php(121): CWebApplication->runController()
#17 /Applications/MAMP/htdocs/startapp/startapp/framework/base/CApplication.php(155): CWebApplication->processRequest()
#18 /Applications/MAMP/htdocs/startapp/startapp/start/index.php(12): CWebApplication->run()
REQUEST_URI=/startapp/start/index.php?r=bookmark/ajaxcreate
in /Applications/MAMP/htdocs/startapp/startapp/start/protected/models/Bookmark.php (87)
in /Applications/MAMP/htdocs/startapp/startapp/start/protected/controllers/BookmarkController.php (109)
in /Applications/MAMP/htdocs/startapp/startapp/start/index.php (12)
2011/06/08 19:50:39 [trace] [system.CModule] Loading "errorHandler" application component
in /Applications/MAMP/htdocs/startapp/startapp/start/protected/models/Bookmark.php (87)
in /Applications/MAMP/htdocs/startapp/startapp/start/protected/controllers/BookmarkController.php (109)
in /Applications/MAMP/htdocs/startapp/startapp/start/index.php (12)
2011/06/08 19:50:50 [trace] [system.CModule] Loading "log" application component
in /Applications/MAMP/htdocs/startapp/startapp/start/index.php (12)
2011/06/08 19:50:50 [trace] [system.CModule] Loading "request" application component
in /Applications/MAMP/htdocs/startapp/startapp/start/index.php (12)
2011/06/08 19:50:50 [trace] [system.CModule] Loading "urlManager" application component
in /Applications/MAMP/htdocs/startapp/startapp/start/index.php (12)
2011/06/08 19:50:50 [trace] [system.CModule] Loading "themeManager" application component
in /Applications/MAMP/htdocs/startapp/startapp/start/protected/controllers/SiteController.php (34)
in /Applications/MAMP/htdocs/startapp/startapp/start/index.php (12)
2011/06/08 19:50:50 [trace] [system.CModule] Loading "widgetFactory" application component
in /Applications/MAMP/htdocs/startapp/startapp/start/themes/minimal/views/layouts/column1.php (1)
in /Applications/MAMP/htdocs/startapp/startapp/start/protected/controllers/SiteController.php (34)
in /Applications/MAMP/htdocs/startapp/startapp/start/index.php (12)
2011/06/08 19:50:50 [trace] [system.CModule] Loading "clientScript" application component
in /Applications/MAMP/htdocs/startapp/startapp/start/themes/minimal/views/layouts/main.php (27)
in /Applications/MAMP/htdocs/startapp/startapp/start/themes/minimal/views/layouts/column1.php (7)
in /Applications/MAMP/htdocs/startapp/startapp/start/protected/controllers/SiteController.php (34)
2011/06/08 19:50:50 [trace] [system.CModule] Loading "user" application component
in /Applications/MAMP/htdocs/startapp/startapp/start/themes/minimal/views/layouts/main.php (45)
in /Applications/MAMP/htdocs/startapp/startapp/start/themes/minimal/views/layouts/column1.php (7)
in /Applications/MAMP/htdocs/startapp/startapp/start/protected/controllers/SiteController.php (34)
2011/06/08 19:50:50 [trace] [system.CModule] Loading "session" application component
in /Applications/MAMP/htdocs/startapp/startapp/start/themes/minimal/views/layouts/main.php (45)
in /Applications/MAMP/htdocs/startapp/startapp/start/themes/minimal/views/layouts/column1.php (7)
in /Applications/MAMP/htdocs/startapp/startapp/start/protected/controllers/SiteController.php (34)
2011/06/08 19:50:50 [trace] [system.CModule] Loading "assetManager" application component
in /Applications/MAMP/htdocs/startapp/startapp/start/themes/minimal/views/layouts/main.php (91)
in /Applications/MAMP/htdocs/startapp/startapp/start/themes/minimal/views/layouts/column1.php (7)
in /Applications/MAMP/htdocs/startapp/startapp/start/protected/controllers/SiteController.php (34)
2011/06/08 19:50:52 [trace] [system.CModule] Loading "log" application component
in /Applications/MAMP/htdocs/startapp/startapp/start/index.php (12)
2011/06/08 19:50:52 [trace] [system.CModule] Loading "request" application component
in /Applications/MAMP/htdocs/startapp/startapp/start/index.php (12)
2011/06/08 19:50:52 [trace] [system.CModule] Loading "urlManager" application component
in /Applications/MAMP/htdocs/startapp/startapp/start/index.php (12)
2011/06/08 19:50:52 [trace] [system.web.filters.CFilterChain] Running filter BookmarkController.filteraccessControl()
in /Applications/MAMP/htdocs/startapp/startapp/start/index.php (12)
2011/06/08 19:50:52 [trace] [system.CModule] Loading "user" application component
in /Applications/MAMP/htdocs/startapp/startapp/start/index.php (12)
2011/06/08 19:50:52 [trace] [system.CModule] Loading "session" application component
in /Applications/MAMP/htdocs/startapp/startapp/start/index.php (12)
2011/06/08 19:50:52 [trace] [system.CModule] Loading "db" application component
in /Applications/MAMP/htdocs/startapp/startapp/start/protected/models/Bookmark.php (27)
in /Applications/MAMP/htdocs/startapp/startapp/start/protected/controllers/BookmarkController.php (268)
in /Applications/MAMP/htdocs/startapp/startapp/start/index.php (12)
2011/06/08 19:50:52 [trace] [system.db.CDbConnection] Opening DB connection
in /Applications/MAMP/htdocs/startapp/startapp/start/protected/models/Bookmark.php (27)
in /Applications/MAMP/htdocs/startapp/startapp/start/protected/controllers/BookmarkController.php (268)
in /Applications/MAMP/htdocs/startapp/startapp/start/index.php (12)
2011/06/08 19:50:52 [trace] [system.db.CDbCommand] Querying SQL: SHOW COLUMNS FROM `tbl_bookmark`
in /Applications/MAMP/htdocs/startapp/startapp/start/protected/models/Bookmark.php (27)
in /Applications/MAMP/htdocs/startapp/startapp/start/protected/controllers/BookmarkController.php (268)
in /Applications/MAMP/htdocs/startapp/startapp/start/index.php (12)
2011/06/08 19:50:52 [trace] [system.db.CDbCommand] Querying SQL: SHOW CREATE TABLE `tbl_bookmark`
in /Applications/MAMP/htdocs/startapp/startapp/start/protected/models/Bookmark.php (27)
in /Applications/MAMP/htdocs/startapp/startapp/start/protected/controllers/BookmarkController.php (268)
in /Applications/MAMP/htdocs/startapp/startapp/start/index.php (12)
2011/06/08 19:50:52 [trace] [system.CModule] Loading "themeManager" application component
in /Applications/MAMP/htdocs/startapp/startapp/start/protected/controllers/BookmarkController.php (271)
in /Applications/MAMP/htdocs/startapp/startapp/start/index.php (12)
2011/06/08 19:50:52 [trace] [system.CModule] Loading "widgetFactory" application component
in /Applications/MAMP/htdocs/startapp/startapp/start/themes/minimal/views/bookmark/index.php (29)
in /Applications/MAMP/htdocs/startapp/startapp/start/protected/controllers/BookmarkController.php (271)
in /Applications/MAMP/htdocs/startapp/startapp/start/index.php (12)
2011/06/08 19:50:52 [trace] [system.db.ar.CActiveRecord] Bookmark.count()
in /Applications/MAMP/htdocs/startapp/startapp/start/themes/minimal/views/bookmark/index.php (29)
in /Applications/MAMP/htdocs/startapp/startapp/start/protected/controllers/BookmarkController.php (271)
in /Applications/MAMP/htdocs/startapp/startapp/start/index.php (12)
2011/06/08 19:50:52 [trace] [system.db.CDbCommand] Querying SQL: SELECT COUNT(*) FROM `tbl_bookmark` `t` WHERE user_bk_id=6
in /Applications/MAMP/htdocs/startapp/startapp/start/themes/minimal/views/bookmark/index.php (29)
in /Applications/MAMP/htdocs/startapp/startapp/start/protected/controllers/BookmarkController.php (271)
in /Applications/MAMP/htdocs/startapp/startapp/start/index.php (12)
2011/06/08 19:50:52 [trace] [system.db.ar.CActiveRecord] Bookmark.findAll()
in /Applications/MAMP/htdocs/startapp/startapp/start/themes/minimal/views/bookmark/index.php (29)
in /Applications/MAMP/htdocs/startapp/startapp/start/protected/controllers/BookmarkController.php (271)
in /Applications/MAMP/htdocs/startapp/startapp/start/index.php (12)
2011/06/08 19:50:52 [trace] [system.db.CDbCommand] Querying SQL: SELECT * FROM `tbl_bookmark` `t` WHERE user_bk_id=6 LIMIT 10
in /Applications/MAMP/htdocs/startapp/startapp/start/themes/minimal/views/bookmark/index.php (29)
in /Applications/MAMP/htdocs/startapp/startapp/start/protected/controllers/BookmarkController.php (271)
in /Applications/MAMP/htdocs/startapp/startapp/start/index.php (12)
2011/06/08 19:50:52 [trace] [system.CModule] Loading "assetManager" application component
in /Applications/MAMP/htdocs/startapp/startapp/start/themes/minimal/views/bookmark/index.php (29)
in /Applications/MAMP/htdocs/startapp/startapp/start/protected/controllers/BookmarkController.php (271)
in /Applications/MAMP/htdocs/startapp/startapp/start/index.php (12)
2011/06/08 19:50:52 [trace] [system.CModule] Loading "clientScript" application component
in /Applications/MAMP/htdocs/startapp/startapp/start/themes/minimal/views/bookmark/index.php (29)
in /Applications/MAMP/htdocs/startapp/startapp/start/protected/controllers/BookmarkController.php (271)
in /Applications/MAMP/htdocs/startapp/startapp/start/index.php (12)
2011/06/08 19:50:52 [trace] [system.CModule] Loading "coreMessages" application component
in /Applications/MAMP/htdocs/startapp/startapp/start/themes/minimal/views/bookmark/index.php (29)
in /Applications/MAMP/htdocs/startapp/startapp/start/protected/controllers/BookmarkController.php (271)
in /Applications/MAMP/htdocs/startapp/startapp/start/index.php (12)
2011/06/08 19:50:58 [trace] [system.CModule] Loading "log" application component
in /Applications/MAMP/htdocs/startapp/startapp/start/index.php (12)
2011/06/08 19:50:58 [trace] [system.CModule] Loading "request" application component
in /Applications/MAMP/htdocs/startapp/startapp/start/index.php (12)
2011/06/08 19:50:58 [trace] [system.CModule] Loading "urlManager" application component
in /Applications/MAMP/htdocs/startapp/startapp/start/index.php (12)
2011/06/08 19:50:58 [trace] [system.web.filters.CFilterChain] Running filter BookmarkController.filteraccessControl()
in /Applications/MAMP/htdocs/startapp/startapp/start/index.php (12)
2011/06/08 19:50:58 [trace] [system.CModule] Loading "user" application component
in /Applications/MAMP/htdocs/startapp/startapp/start/index.php (12)
2011/06/08 19:50:58 [trace] [system.CModule] Loading "session" application component
in /Applications/MAMP/htdocs/startapp/startapp/start/index.php (12)
2011/06/08 19:50:58 [trace] [system.CModule] Loading "db" application component
in /Applications/MAMP/htdocs/startapp/startapp/start/protected/controllers/BookmarkController.php (98)
in /Applications/MAMP/htdocs/startapp/startapp/start/index.php (12)
2011/06/08 19:50:58 [trace] [system.db.CDbConnection] Opening DB connection
in /Applications/MAMP/htdocs/startapp/startapp/start/protected/controllers/BookmarkController.php (98)
in /Applications/MAMP/htdocs/startapp/startapp/start/index.php (12)
2011/06/08 19:50:58 [trace] [system.db.CDbCommand] Querying SQL: SHOW COLUMNS FROM `tbl_bookmark`
in /Applications/MAMP/htdocs/startapp/startapp/start/protected/controllers/BookmarkController.php (98)
in /Applications/MAMP/htdocs/startapp/startapp/start/index.php (12)
2011/06/08 19:50:58 [trace] [system.db.CDbCommand] Querying SQL: SHOW CREATE TABLE `tbl_bookmark`
in /Applications/MAMP/htdocs/startapp/startapp/start/protected/controllers/BookmarkController.php (98)
in /Applications/MAMP/htdocs/startapp/startapp/start/index.php (12)
2011/06/08 19:50:58 [trace] [system.CModule] Loading "coreMessages" application component
in /Applications/MAMP/htdocs/startapp/startapp/start/protected/controllers/BookmarkController.php (312)
in /Applications/MAMP/htdocs/startapp/startapp/start/protected/controllers/BookmarkController.php (99)
in /Applications/MAMP/htdocs/startapp/startapp/start/index.php (12)
2011/06/08 19:50:58 [error] [php] Missing argument 1 for CActiveRecord::getAttribute(), called in /Applications/MAMP/htdocs/startapp/startapp/framework/base/CComponent.php on line 112 and defined (/Applications/MAMP/htdocs/startapp/startapp/framework/db/ar/CActiveRecord.php:664)
Stack trace:
#0 /Applications/MAMP/htdocs/startapp/startapp/start/protected/models/Bookmark.php(87): Bookmark->__get()
#1 /Applications/MAMP/htdocs/startapp/startapp/framework/validators/CInlineValidator.php(39): Bookmark->validateLink()
#2 /Applications/MAMP/htdocs/startapp/startapp/framework/validators/CValidator.php(192): CInlineValidator->validateAttribute()
#3 /Applications/MAMP/htdocs/startapp/startapp/framework/base/CModel.php(152): CInlineValidator->validate()
#4 /Applications/MAMP/htdocs/startapp/startapp/framework/web/widgets/CActiveForm.php(745): Bookmark->validate()
#5 /Applications/MAMP/htdocs/startapp/startapp/start/protected/controllers/BookmarkController.php(312): validate()
#6 /Applications/MAMP/htdocs/startapp/startapp/start/protected/controllers/BookmarkController.php(99): BookmarkController->performAjaxValidation()
#7 /Applications/MAMP/htdocs/startapp/startapp/framework/web/actions/CInlineAction.php(50): BookmarkController->actionAjaxCreate()
#8 /Applications/MAMP/htdocs/startapp/startapp/framework/web/CController.php(300): CInlineAction->runWithParams()
#9 /Applications/MAMP/htdocs/startapp/startapp/framework/web/filters/CFilterChain.php(133): BookmarkController->runAction()
#10 /Applications/MAMP/htdocs/startapp/startapp/framework/web/filters/CFilter.php(41): CFilterChain->run()
#11 /Applications/MAMP/htdocs/startapp/startapp/framework/web/CController.php(1122): CAccessControlFilter->filter()
#12 /Applications/MAMP/htdocs/startapp/startapp/framework/web/filters/CInlineFilter.php(59): BookmarkController->filterAccessControl()
#13 /Applications/MAMP/htdocs/startapp/startapp/framework/web/filters/CFilterChain.php(130): CInlineFilter->filter()
#14 /Applications/MAMP/htdocs/startapp/startapp/framework/web/CController.php(283): CFilterChain->run()
#15 /Applications/MAMP/htdocs/startapp/startapp/framework/web/CController.php(257): BookmarkController->runActionWithFilters()
#16 /Applications/MAMP/htdocs/startapp/startapp/framework/web/CWebApplication.php(328): BookmarkController->run()
#17 /Applications/MAMP/htdocs/startapp/startapp/framework/web/CWebApplication.php(121): CWebApplication->runController()
#18 /Applications/MAMP/htdocs/startapp/startapp/framework/base/CApplication.php(155): CWebApplication->processRequest()
#19 /Applications/MAMP/htdocs/startapp/startapp/start/index.php(12): CWebApplication->run()
REQUEST_URI=/startapp/start/index.php?r=bookmark/ajaxcreate
in /Applications/MAMP/htdocs/startapp/startapp/start/protected/models/Bookmark.php (87)
in /Applications/MAMP/htdocs/startapp/startapp/start/protected/controllers/BookmarkController.php (312)
in /Applications/MAMP/htdocs/startapp/startapp/start/protected/controllers/BookmarkController.php (99)
2011/06/08 19:50:58 [trace] [system.CModule] Loading "errorHandler" application component
in /Applications/MAMP/htdocs/startapp/startapp/start/protected/models/Bookmark.php (87)
in /Applications/MAMP/htdocs/startapp/startapp/start/protected/controllers/BookmarkController.php (312)
in /Applications/MAMP/htdocs/startapp/startapp/start/protected/controllers/BookmarkController.php (99)
2011/06/08 19:51:04 [trace] [system.CModule] Loading "log" application component
in /Applications/MAMP/htdocs/startapp/startapp/start/index.php (12)
2011/06/08 19:51:04 [trace] [system.CModule] Loading "request" application component
in /Applications/MAMP/htdocs/startapp/startapp/start/index.php (12)
2011/06/08 19:51:04 [trace] [system.CModule] Loading "urlManager" application component
in /Applications/MAMP/htdocs/startapp/startapp/start/index.php (12)
2011/06/08 19:51:04 [trace] [system.web.filters.CFilterChain] Running filter BookmarkController.filteraccessControl()
in /Applications/MAMP/htdocs/startapp/startapp/start/index.php (12)
2011/06/08 19:51:04 [trace] [system.CModule] Loading "user" application component
in /Applications/MAMP/htdocs/startapp/startapp/start/index.php (12)
2011/06/08 19:51:04 [trace] [system.CModule] Loading "session" application component
in /Applications/MAMP/htdocs/startapp/startapp/start/index.php (12)
2011/06/08 19:51:04 [trace] [system.CModule] Loading "db" application component
in /Applications/MAMP/htdocs/startapp/startapp/start/protected/controllers/BookmarkController.php (98)
in /Applications/MAMP/htdocs/startapp/startapp/start/index.php (12)
2011/06/08 19:51:04 [trace] [system.db.CDbConnection] Opening DB connection
in /Applications/MAMP/htdocs/startapp/startapp/start/protected/controllers/BookmarkController.php (98)
in /Applications/MAMP/htdocs/startapp/startapp/start/index.php (12)
2011/06/08 19:51:04 [trace] [system.db.CDbCommand] Querying SQL: SHOW COLUMNS FROM `tbl_bookmark`
in /Applications/MAMP/htdocs/startapp/startapp/start/protected/controllers/BookmarkController.php (98)
in /Applications/MAMP/htdocs/startapp/startapp/start/index.php (12)
2011/06/08 19:51:04 [trace] [system.db.CDbCommand] Querying SQL: SHOW CREATE TABLE `tbl_bookmark`
in /Applications/MAMP/htdocs/startapp/startapp/start/protected/controllers/BookmarkController.php (98)
in /Applications/MAMP/htdocs/startapp/startapp/start/index.php (12)
2011/06/08 19:51:04 [error] [php] Missing argument 1 for CActiveRecord::getAttribute(), called in /Applications/MAMP/htdocs/startapp/startapp/framework/base/CComponent.php on line 112 and defined (/Applications/MAMP/htdocs/startapp/startapp/framework/db/ar/CActiveRecord.php:664)
Stack trace:
#0 /Applications/MAMP/htdocs/startapp/startapp/start/protected/models/Bookmark.php(87): Bookmark->__get()
#1 /Applications/MAMP/htdocs/startapp/startapp/framework/validators/CInlineValidator.php(39): Bookmark->validateLink()
#2 /Applications/MAMP/htdocs/startapp/startapp/framework/validators/CValidator.php(192): CInlineValidator->validateAttribute()
#3 /Applications/MAMP/htdocs/startapp/startapp/framework/base/CModel.php(152): CInlineValidator->validate()
#4 /Applications/MAMP/htdocs/startapp/startapp/framework/db/ar/CActiveRecord.php(778): Bookmark->validate()
#5 /Applications/MAMP/htdocs/startapp/startapp/start/protected/controllers/BookmarkController.php(109): Bookmark->save()
#6 /Applications/MAMP/htdocs/startapp/startapp/framework/web/actions/CInlineAction.php(50): BookmarkController->actionAjaxCreate()
#7 /Applications/MAMP/htdocs/startapp/startapp/framework/web/CController.php(300): CInlineAction->runWithParams()
#8 /Applications/MAMP/htdocs/startapp/startapp/framework/web/filters/CFilterChain.php(133): BookmarkController->runAction()
#9 /Applications/MAMP/htdocs/startapp/startapp/framework/web/filters/CFilter.php(41): CFilterChain->run()
#10 /Applications/MAMP/htdocs/startapp/startapp/framework/web/CController.php(1122): CAccessControlFilter->filter()
#11 /Applications/MAMP/htdocs/startapp/startapp/framework/web/filters/CInlineFilter.php(59): BookmarkController->filterAccessControl()
#12 /Applications/MAMP/htdocs/startapp/startapp/framework/web/filters/CFilterChain.php(130): CInlineFilter->filter()
#13 /Applications/MAMP/htdocs/startapp/startapp/framework/web/CController.php(283): CFilterChain->run()
#14 /Applications/MAMP/htdocs/startapp/startapp/framework/web/CController.php(257): BookmarkController->runActionWithFilters()
#15 /Applications/MAMP/htdocs/startapp/startapp/framework/web/CWebApplication.php(328): BookmarkController->run()
#16 /Applications/MAMP/htdocs/startapp/startapp/framework/web/CWebApplication.php(121): CWebApplication->runController()
#17 /Applications/MAMP/htdocs/startapp/startapp/framework/base/CApplication.php(155): CWebApplication->processRequest()
#18 /Applications/MAMP/htdocs/startapp/startapp/start/index.php(12): CWebApplication->run()
REQUEST_URI=/startapp/start/index.php?r=bookmark/ajaxcreate
in /Applications/MAMP/htdocs/startapp/startapp/start/protected/models/Bookmark.php (87)
in /Applications/MAMP/htdocs/startapp/startapp/start/protected/controllers/BookmarkController.php (109)
in /Applications/MAMP/htdocs/startapp/startapp/start/index.php (12)
2011/06/08 19:51:04 [trace] [system.CModule] Loading "errorHandler" application component
in /Applications/MAMP/htdocs/startapp/startapp/start/protected/models/Bookmark.php (87)
in /Applications/MAMP/htdocs/startapp/startapp/start/protected/controllers/BookmarkController.php (109)
in /Applications/MAMP/htdocs/startapp/startapp/start/index.php (12)
2011/06/08 19:51:04 [trace] [system.CModule] Loading "log" application component
in /Applications/MAMP/htdocs/startapp/startapp/start/index.php (12)
2011/06/08 19:51:04 [trace] [system.CModule] Loading "request" application component
in /Applications/MAMP/htdocs/startapp/startapp/start/index.php (12)
2011/06/08 19:51:04 [trace] [system.CModule] Loading "urlManager" application component
in /Applications/MAMP/htdocs/startapp/startapp/start/index.php (12)
2011/06/08 19:51:04 [trace] [system.web.filters.CFilterChain] Running filter BookmarkController.filteraccessControl()
in /Applications/MAMP/htdocs/startapp/startapp/start/index.php (12)
2011/06/08 19:51:04 [trace] [system.CModule] Loading "user" application component
in /Applications/MAMP/htdocs/startapp/startapp/start/index.php (12)
2011/06/08 19:51:04 [trace] [system.CModule] Loading "session" application component
in /Applications/MAMP/htdocs/startapp/startapp/start/index.php (12)
2011/06/08 19:51:04 [trace] [system.CModule] Loading "db" application component
in /Applications/MAMP/htdocs/startapp/startapp/start/protected/controllers/BookmarkController.php (98)
in /Applications/MAMP/htdocs/startapp/startapp/start/index.php (12)
2011/06/08 19:51:04 [trace] [system.db.CDbConnection] Opening DB connection
in /Applications/MAMP/htdocs/startapp/startapp/start/protected/controllers/BookmarkController.php (98)
in /Applications/MAMP/htdocs/startapp/startapp/start/index.php (12)
2011/06/08 19:51:04 [trace] [system.db.CDbCommand] Querying SQL: SHOW COLUMNS FROM `tbl_bookmark`
in /Applications/MAMP/htdocs/startapp/startapp/start/protected/controllers/BookmarkController.php (98)
in /Applications/MAMP/htdocs/startapp/startapp/start/index.php (12)
2011/06/08 19:51:04 [trace] [system.db.CDbCommand] Querying SQL: SHOW CREATE TABLE `tbl_bookmark`
in /Applications/MAMP/htdocs/startapp/startapp/start/protected/controllers/BookmarkController.php (98)
in /Applications/MAMP/htdocs/startapp/startapp/start/index.php (12)
2011/06/08 19:51:04 [error] [php] Missing argument 1 for CActiveRecord::getAttribute(), called in /Applications/MAMP/htdocs/startapp/startapp/framework/base/CComponent.php on line 112 and defined (/Applications/MAMP/htdocs/startapp/startapp/framework/db/ar/CActiveRecord.php:664)
Stack trace:
#0 /Applications/MAMP/htdocs/startapp/startapp/start/protected/models/Bookmark.php(87): Bookmark->__get()
#1 /Applications/MAMP/htdocs/startapp/startapp/framework/validators/CInlineValidator.php(39): Bookmark->validateLink()
#2 /Applications/MAMP/htdocs/startapp/startapp/framework/validators/CValidator.php(192): CInlineValidator->validateAttribute()
#3 /Applications/MAMP/htdocs/startapp/startapp/framework/base/CModel.php(152): CInlineValidator->validate()
#4 /Applications/MAMP/htdocs/startapp/startapp/framework/web/widgets/CActiveForm.php(745): Bookmark->validate()
#5 /Applications/MAMP/htdocs/startapp/startapp/start/protected/controllers/BookmarkController.php(312): validate()
#6 /Applications/MAMP/htdocs/startapp/startapp/start/protected/controllers/BookmarkController.php(99): BookmarkController->performAjaxValidation()
#7 /Applications/MAMP/htdocs/startapp/startapp/framework/web/actions/CInlineAction.php(50): BookmarkController->actionAjaxCreate()
#8 /Applications/MAMP/htdocs/startapp/startapp/framework/web/CController.php(300): CInlineAction->runWithParams()
#9 /Applications/MAMP/htdocs/startapp/startapp/framework/web/filters/CFilterChain.php(133): BookmarkController->runAction()
#10 /Applications/MAMP/htdocs/startapp/startapp/framework/web/filters/CFilter.php(41): CFilterChain->run()
#11 /Applications/MAMP/htdocs/startapp/startapp/framework/web/CController.php(1122): CAccessControlFilter->filter()
#12 /Applications/MAMP/htdocs/startapp/startapp/framework/web/filters/CInlineFilter.php(59): BookmarkController->filterAccessControl()
#13 /Applications/MAMP/htdocs/startapp/startapp/framework/web/filters/CFilterChain.php(130): CInlineFilter->filter()
#14 /Applications/MAMP/htdocs/startapp/startapp/framework/web/CController.php(283): CFilterChain->run()
#15 /Applications/MAMP/htdocs/startapp/startapp/framework/web/CController.php(257): BookmarkController->runActionWithFilters()
#16 /Applications/MAMP/htdocs/startapp/startapp/framework/web/CWebApplication.php(328): BookmarkController->run()
#17 /Applications/MAMP/htdocs/startapp/startapp/framework/web/CWebApplication.php(121): CWebApplication->runController()
#18 /Applications/MAMP/htdocs/startapp/startapp/framework/base/CApplication.php(155): CWebApplication->processRequest()
#19 /Applications/MAMP/htdocs/startapp/startapp/start/index.php(12): CWebApplication->run()
REQUEST_URI=/startapp/start/index.php?r=bookmark/ajaxcreate
in /Applications/MAMP/htdocs/startapp/startapp/start/protected/models/Bookmark.php (87)
in /Applications/MAMP/htdocs/startapp/startapp/start/protected/controllers/BookmarkController.php (312)
in /Applications/MAMP/htdocs/startapp/startapp/start/protected/controllers/BookmarkController.php (99)
2011/06/08 19:51:04 [trace] [system.CModule] Loading "errorHandler" application component
in /Applications/MAMP/htdocs/startapp/startapp/start/protected/models/Bookmark.php (87)
in /Applications/MAMP/htdocs/startapp/startapp/start/protected/controllers/BookmarkController.php (312)
in /Applications/MAMP/htdocs/startapp/startapp/start/protected/controllers/BookmarkController.php (99)
2011/06/08 19:51:09 [trace] [system.CModule] Loading "log" application component
in /Applications/MAMP/htdocs/startapp/startapp/start/index.php (12)
2011/06/08 19:51:09 [trace] [system.CModule] Loading "request" application component
in /Applications/MAMP/htdocs/startapp/startapp/start/index.php (12)
2011/06/08 19:51:09 [trace] [system.CModule] Loading "urlManager" application component
in /Applications/MAMP/htdocs/startapp/startapp/start/index.php (12)
2011/06/08 19:51:09 [trace] [system.web.filters.CFilterChain] Running filter BookmarkController.filteraccessControl()
in /Applications/MAMP/htdocs/startapp/startapp/start/index.php (12)
2011/06/08 19:51:09 [trace] [system.CModule] Loading "user" application component
in /Applications/MAMP/htdocs/startapp/startapp/start/index.php (12)
2011/06/08 19:51:09 [trace] [system.CModule] Loading "session" application component
in /Applications/MAMP/htdocs/startapp/startapp/start/index.php (12)
2011/06/08 19:51:09 [trace] [system.CModule] Loading "db" application component
in /Applications/MAMP/htdocs/startapp/startapp/start/protected/controllers/BookmarkController.php (98)
in /Applications/MAMP/htdocs/startapp/startapp/start/index.php (12)
2011/06/08 19:51:09 [trace] [system.db.CDbConnection] Opening DB connection
in /Applications/MAMP/htdocs/startapp/startapp/start/protected/controllers/BookmarkController.php (98)
in /Applications/MAMP/htdocs/startapp/startapp/start/index.php (12)
2011/06/08 19:51:09 [trace] [system.db.CDbCommand] Querying SQL: SHOW COLUMNS FROM `tbl_bookmark`
in /Applications/MAMP/htdocs/startapp/startapp/start/protected/controllers/BookmarkController.php (98)
in /Applications/MAMP/htdocs/startapp/startapp/start/index.php (12)
2011/06/08 19:51:09 [trace] [system.db.CDbCommand] Querying SQL: SHOW CREATE TABLE `tbl_bookmark`
in /Applications/MAMP/htdocs/startapp/startapp/start/protected/controllers/BookmarkController.php (98)
in /Applications/MAMP/htdocs/startapp/startapp/start/index.php (12)
2011/06/08 19:51:09 [error] [php] Missing argument 1 for CActiveRecord::getAttribute(), called in /Applications/MAMP/htdocs/startapp/startapp/framework/base/CComponent.php on line 112 and defined (/Applications/MAMP/htdocs/startapp/startapp/framework/db/ar/CActiveRecord.php:664)
Stack trace:
#0 /Applications/MAMP/htdocs/startapp/startapp/start/protected/models/Bookmark.php(87): Bookmark->__get()
#1 /Applications/MAMP/htdocs/startapp/startapp/framework/validators/CInlineValidator.php(39): Bookmark->validateLink()
#2 /Applications/MAMP/htdocs/startapp/startapp/framework/validators/CValidator.php(192): CInlineValidator->validateAttribute()
#3 /Applications/MAMP/htdocs/startapp/startapp/framework/base/CModel.php(152): CInlineValidator->validate()
#4 /Applications/MAMP/htdocs/startapp/startapp/framework/db/ar/CActiveRecord.php(778): Bookmark->validate()
#5 /Applications/MAMP/htdocs/startapp/startapp/start/protected/controllers/BookmarkController.php(109): Bookmark->save()
#6 /Applications/MAMP/htdocs/startapp/startapp/framework/web/actions/CInlineAction.php(50): BookmarkController->actionAjaxCreate()
#7 /Applications/MAMP/htdocs/startapp/startapp/framework/web/CController.php(300): CInlineAction->runWithParams()
#8 /Applications/MAMP/htdocs/startapp/startapp/framework/web/filters/CFilterChain.php(133): BookmarkController->runAction()
#9 /Applications/MAMP/htdocs/startapp/startapp/framework/web/filters/CFilter.php(41): CFilterChain->run()
#10 /Applications/MAMP/htdocs/startapp/startapp/framework/web/CController.php(1122): CAccessControlFilter->filter()
#11 /Applications/MAMP/htdocs/startapp/startapp/framework/web/filters/CInlineFilter.php(59): BookmarkController->filterAccessControl()
#12 /Applications/MAMP/htdocs/startapp/startapp/framework/web/filters/CFilterChain.php(130): CInlineFilter->filter()
#13 /Applications/MAMP/htdocs/startapp/startapp/framework/web/CController.php(283): CFilterChain->run()
#14 /Applications/MAMP/htdocs/startapp/startapp/framework/web/CController.php(257): BookmarkController->runActionWithFilters()
#15 /Applications/MAMP/htdocs/startapp/startapp/framework/web/CWebApplication.php(328): BookmarkController->run()
#16 /Applications/MAMP/htdocs/startapp/startapp/framework/web/CWebApplication.php(121): CWebApplication->runController()
#17 /Applications/MAMP/htdocs/startapp/startapp/framework/base/CApplication.php(155): CWebApplication->processRequest()
#18 /Applications/MAMP/htdocs/startapp/startapp/start/index.php(12): CWebApplication->run()
REQUEST_URI=/startapp/start/index.php?r=bookmark/ajaxcreate
in /Applications/MAMP/htdocs/startapp/startapp/start/protected/models/Bookmark.php (87)
in /Applications/MAMP/htdocs/startapp/startapp/start/protected/controllers/BookmarkController.php (109)
in /Applications/MAMP/htdocs/startapp/startapp/start/index.php (12)
2011/06/08 19:51:09 [trace] [system.CModule] Loading "errorHandler" application component
in /Applications/MAMP/htdocs/startapp/startapp/start/protected/models/Bookmark.php (87)
in /Applications/MAMP/htdocs/startapp/startapp/start/protected/controllers/BookmarkController.php (109)
in /Applications/MAMP/htdocs/startapp/startapp/start/index.php (12)
2011/06/08 19:51:35 [trace] [system.CModule] Loading "log" application component
in /Applications/MAMP/htdocs/startapp/startapp/start/index.php (12)
2011/06/08 19:51:35 [trace] [system.CModule] Loading "request" application component
in /Applications/MAMP/htdocs/startapp/startapp/start/index.php (12)
2011/06/08 19:51:35 [trace] [system.CModule] Loading "urlManager" application component
in /Applications/MAMP/htdocs/startapp/startapp/start/index.php (12)
2011/06/08 19:51:35 [trace] [system.CModule] Loading "themeManager" application component
in /Applications/MAMP/htdocs/startapp/startapp/start/protected/controllers/SiteController.php (34)
in /Applications/MAMP/htdocs/startapp/startapp/start/index.php (12)
2011/06/08 19:51:35 [trace] [system.CModule] Loading "widgetFactory" application component
in /Applications/MAMP/htdocs/startapp/startapp/start/themes/minimal/views/layouts/column1.php (1)
in /Applications/MAMP/htdocs/startapp/startapp/start/protected/controllers/SiteController.php (34)
in /Applications/MAMP/htdocs/startapp/startapp/start/index.php (12)
2011/06/08 19:51:35 [trace] [system.CModule] Loading "clientScript" application component
in /Applications/MAMP/htdocs/startapp/startapp/start/themes/minimal/views/layouts/main.php (27)
in /Applications/MAMP/htdocs/startapp/startapp/start/themes/minimal/views/layouts/column1.php (7)
in /Applications/MAMP/htdocs/startapp/startapp/start/protected/controllers/SiteController.php (34)
2011/06/08 19:51:35 [trace] [system.CModule] Loading "user" application component
in /Applications/MAMP/htdocs/startapp/startapp/start/themes/minimal/views/layouts/main.php (45)
in /Applications/MAMP/htdocs/startapp/startapp/start/themes/minimal/views/layouts/column1.php (7)
in /Applications/MAMP/htdocs/startapp/startapp/start/protected/controllers/SiteController.php (34)
2011/06/08 19:51:35 [trace] [system.CModule] Loading "session" application component
in /Applications/MAMP/htdocs/startapp/startapp/start/themes/minimal/views/layouts/main.php (45)
in /Applications/MAMP/htdocs/startapp/startapp/start/themes/minimal/views/layouts/column1.php (7)
in /Applications/MAMP/htdocs/startapp/startapp/start/protected/controllers/SiteController.php (34)
2011/06/08 19:51:35 [trace] [system.CModule] Loading "assetManager" application component
in /Applications/MAMP/htdocs/startapp/startapp/start/themes/minimal/views/layouts/main.php (91)
in /Applications/MAMP/htdocs/startapp/startapp/start/themes/minimal/views/layouts/column1.php (7)
in /Applications/MAMP/htdocs/startapp/startapp/start/protected/controllers/SiteController.php (34)
2011/06/08 19:51:37 [trace] [system.CModule] Loading "log" application component
in /Applications/MAMP/htdocs/startapp/startapp/start/index.php (12)
2011/06/08 19:51:37 [trace] [system.CModule] Loading "request" application component
in /Applications/MAMP/htdocs/startapp/startapp/start/index.php (12)
2011/06/08 19:51:37 [trace] [system.CModule] Loading "urlManager" application component
in /Applications/MAMP/htdocs/startapp/startapp/start/index.php (12)
2011/06/08 19:51:37 [trace] [system.web.filters.CFilterChain] Running filter BookmarkController.filteraccessControl()
in /Applications/MAMP/htdocs/startapp/startapp/start/index.php (12)
2011/06/08 19:51:37 [trace] [system.CModule] Loading "user" application component
in /Applications/MAMP/htdocs/startapp/startapp/start/index.php (12)
2011/06/08 19:51:37 [trace] [system.CModule] Loading "session" application component
in /Applications/MAMP/htdocs/startapp/startapp/start/index.php (12)
2011/06/08 19:51:37 [trace] [system.CModule] Loading "db" application component
in /Applications/MAMP/htdocs/startapp/startapp/start/protected/models/Bookmark.php (27)
in /Applications/MAMP/htdocs/startapp/startapp/start/protected/controllers/BookmarkController.php (268)
in /Applications/MAMP/htdocs/startapp/startapp/start/index.php (12)
2011/06/08 19:51:37 [trace] [system.db.CDbConnection] Opening DB connection
in /Applications/MAMP/htdocs/startapp/startapp/start/protected/models/Bookmark.php (27)
in /Applications/MAMP/htdocs/startapp/startapp/start/protected/controllers/BookmarkController.php (268)
in /Applications/MAMP/htdocs/startapp/startapp/start/index.php (12)
2011/06/08 19:51:37 [trace] [system.db.CDbCommand] Querying SQL: SHOW COLUMNS FROM `tbl_bookmark`
in /Applications/MAMP/htdocs/startapp/startapp/start/protected/models/Bookmark.php (27)
in /Applications/MAMP/htdocs/startapp/startapp/start/protected/controllers/BookmarkController.php (268)
in /Applications/MAMP/htdocs/startapp/startapp/start/index.php (12)
2011/06/08 19:51:37 [trace] [system.db.CDbCommand] Querying SQL: SHOW CREATE TABLE `tbl_bookmark`
in /Applications/MAMP/htdocs/startapp/startapp/start/protected/models/Bookmark.php (27)
in /Applications/MAMP/htdocs/startapp/startapp/start/protected/controllers/BookmarkController.php (268)
in /Applications/MAMP/htdocs/startapp/startapp/start/index.php (12)
2011/06/08 19:51:37 [trace] [system.CModule] Loading "themeManager" application component
in /Applications/MAMP/htdocs/startapp/startapp/start/protected/controllers/BookmarkController.php (271)
in /Applications/MAMP/htdocs/startapp/startapp/start/index.php (12)
2011/06/08 19:51:37 [trace] [system.CModule] Loading "widgetFactory" application component
in /Applications/MAMP/htdocs/startapp/startapp/start/themes/minimal/views/bookmark/index.php (29)
in /Applications/MAMP/htdocs/startapp/startapp/start/protected/controllers/BookmarkController.php (271)
in /Applications/MAMP/htdocs/startapp/startapp/start/index.php (12)
2011/06/08 19:51:37 [trace] [system.db.ar.CActiveRecord] Bookmark.count()
in /Applications/MAMP/htdocs/startapp/startapp/start/themes/minimal/views/bookmark/index.php (29)
in /Applications/MAMP/htdocs/startapp/startapp/start/protected/controllers/BookmarkController.php (271)
in /Applications/MAMP/htdocs/startapp/startapp/start/index.php (12)
2011/06/08 19:51:37 [trace] [system.db.CDbCommand] Querying SQL: SELECT COUNT(*) FROM `tbl_bookmark` `t` WHERE user_bk_id=6
in /Applications/MAMP/htdocs/startapp/startapp/start/themes/minimal/views/bookmark/index.php (29)
in /Applications/MAMP/htdocs/startapp/startapp/start/protected/controllers/BookmarkController.php (271)
in /Applications/MAMP/htdocs/startapp/startapp/start/index.php (12)
2011/06/08 19:51:37 [trace] [system.db.ar.CActiveRecord] Bookmark.findAll()
in /Applications/MAMP/htdocs/startapp/startapp/start/themes/minimal/views/bookmark/index.php (29)
in /Applications/MAMP/htdocs/startapp/startapp/start/protected/controllers/BookmarkController.php (271)
in /Applications/MAMP/htdocs/startapp/startapp/start/index.php (12)
2011/06/08 19:51:37 [trace] [system.db.CDbCommand] Querying SQL: SELECT * FROM `tbl_bookmark` `t` WHERE user_bk_id=6 LIMIT 10
in /Applications/MAMP/htdocs/startapp/startapp/start/themes/minimal/views/bookmark/index.php (29)
in /Applications/MAMP/htdocs/startapp/startapp/start/protected/controllers/BookmarkController.php (271)
in /Applications/MAMP/htdocs/startapp/startapp/start/index.php (12)
2011/06/08 19:51:37 [trace] [system.CModule] Loading "assetManager" application component
in /Applications/MAMP/htdocs/startapp/startapp/start/themes/minimal/views/bookmark/index.php (29)
in /Applications/MAMP/htdocs/startapp/startapp/start/protected/controllers/BookmarkController.php (271)
in /Applications/MAMP/htdocs/startapp/startapp/start/index.php (12)
2011/06/08 19:51:37 [trace] [system.CModule] Loading "clientScript" application component
in /Applications/MAMP/htdocs/startapp/startapp/start/themes/minimal/views/bookmark/index.php (29)
in /Applications/MAMP/htdocs/startapp/startapp/start/protected/controllers/BookmarkController.php (271)
in /Applications/MAMP/htdocs/startapp/startapp/start/index.php (12)
2011/06/08 19:51:37 [trace] [system.CModule] Loading "coreMessages" application component
in /Applications/MAMP/htdocs/startapp/startapp/start/themes/minimal/views/bookmark/index.php (29)
in /Applications/MAMP/htdocs/startapp/startapp/start/protected/controllers/BookmarkController.php (271)
in /Applications/MAMP/htdocs/startapp/startapp/start/index.php (12)
2011/06/08 19:51:42 [trace] [system.CModule] Loading "log" application component
in /Applications/MAMP/htdocs/startapp/startapp/start/index.php (12)
2011/06/08 19:51:42 [trace] [system.CModule] Loading "request" application component
in /Applications/MAMP/htdocs/startapp/startapp/start/index.php (12)
2011/06/08 19:51:42 [trace] [system.CModule] Loading "urlManager" application component
in /Applications/MAMP/htdocs/startapp/startapp/start/index.php (12)
2011/06/08 19:51:42 [trace] [system.web.filters.CFilterChain] Running filter BookmarkController.filteraccessControl()
in /Applications/MAMP/htdocs/startapp/startapp/start/index.php (12)
2011/06/08 19:51:42 [trace] [system.CModule] Loading "user" application component
in /Applications/MAMP/htdocs/startapp/startapp/start/index.php (12)
2011/06/08 19:51:42 [trace] [system.CModule] Loading "session" application component
in /Applications/MAMP/htdocs/startapp/startapp/start/index.php (12)
2011/06/08 19:51:42 [trace] [system.CModule] Loading "db" application component
in /Applications/MAMP/htdocs/startapp/startapp/start/protected/controllers/BookmarkController.php (98)
in /Applications/MAMP/htdocs/startapp/startapp/start/index.php (12)
2011/06/08 19:51:42 [trace] [system.db.CDbConnection] Opening DB connection
in /Applications/MAMP/htdocs/startapp/startapp/start/protected/controllers/BookmarkController.php (98)
in /Applications/MAMP/htdocs/startapp/startapp/start/index.php (12)
2011/06/08 19:51:42 [trace] [system.db.CDbCommand] Querying SQL: SHOW COLUMNS FROM `tbl_bookmark`
in /Applications/MAMP/htdocs/startapp/startapp/start/protected/controllers/BookmarkController.php (98)
in /Applications/MAMP/htdocs/startapp/startapp/start/index.php (12)
2011/06/08 19:51:42 [trace] [system.db.CDbCommand] Querying SQL: SHOW CREATE TABLE `tbl_bookmark`
in /Applications/MAMP/htdocs/startapp/startapp/start/protected/controllers/BookmarkController.php (98)
in /Applications/MAMP/htdocs/startapp/startapp/start/index.php (12)
2011/06/08 19:51:42 [trace] [system.CModule] Loading "coreMessages" application component
in /Applications/MAMP/htdocs/startapp/startapp/start/protected/controllers/BookmarkController.php (312)
in /Applications/MAMP/htdocs/startapp/startapp/start/protected/controllers/BookmarkController.php (99)
in /Applications/MAMP/htdocs/startapp/startapp/start/index.php (12)
2011/06/08 21:06:14 [trace] [system.CModule] Loading "log" application component
in /Applications/MAMP/htdocs/startapp/startapp/start/index.php (12)
2011/06/08 21:06:14 [trace] [system.CModule] Loading "request" application component
in /Applications/MAMP/htdocs/startapp/startapp/start/index.php (12)
2011/06/08 21:06:14 [trace] [system.CModule] Loading "urlManager" application component
in /Applications/MAMP/htdocs/startapp/startapp/start/index.php (12)
2011/06/08 21:06:14 [trace] [system.CModule] Loading "themeManager" application component
in /Applications/MAMP/htdocs/startapp/startapp/start/protected/controllers/SiteController.php (34)
in /Applications/MAMP/htdocs/startapp/startapp/start/index.php (12)
2011/06/08 21:06:14 [trace] [system.CModule] Loading "widgetFactory" application component
in /Applications/MAMP/htdocs/startapp/startapp/start/themes/minimal/views/layouts/column1.php (1)
in /Applications/MAMP/htdocs/startapp/startapp/start/protected/controllers/SiteController.php (34)
in /Applications/MAMP/htdocs/startapp/startapp/start/index.php (12)
2011/06/08 21:06:14 [trace] [system.CModule] Loading "clientScript" application component
in /Applications/MAMP/htdocs/startapp/startapp/start/themes/minimal/views/layouts/main.php (27)
in /Applications/MAMP/htdocs/startapp/startapp/start/themes/minimal/views/layouts/column1.php (7)
in /Applications/MAMP/htdocs/startapp/startapp/start/protected/controllers/SiteController.php (34)
2011/06/08 21:06:14 [trace] [system.CModule] Loading "user" application component
in /Applications/MAMP/htdocs/startapp/startapp/start/themes/minimal/views/layouts/main.php (45)
in /Applications/MAMP/htdocs/startapp/startapp/start/themes/minimal/views/layouts/column1.php (7)
in /Applications/MAMP/htdocs/startapp/startapp/start/protected/controllers/SiteController.php (34)
2011/06/08 21:06:14 [trace] [system.CModule] Loading "session" application component
in /Applications/MAMP/htdocs/startapp/startapp/start/themes/minimal/views/layouts/main.php (45)
in /Applications/MAMP/htdocs/startapp/startapp/start/themes/minimal/views/layouts/column1.php (7)
in /Applications/MAMP/htdocs/startapp/startapp/start/protected/controllers/SiteController.php (34)
2011/06/08 21:06:14 [trace] [system.CModule] Loading "assetManager" application component
in /Applications/MAMP/htdocs/startapp/startapp/start/themes/minimal/views/layouts/main.php (91)
in /Applications/MAMP/htdocs/startapp/startapp/start/themes/minimal/views/layouts/column1.php (7)
in /Applications/MAMP/htdocs/startapp/startapp/start/protected/controllers/SiteController.php (34)
2011/06/08 21:06:16 [trace] [system.CModule] Loading "log" application component
in /Applications/MAMP/htdocs/startapp/startapp/start/index.php (12)
2011/06/08 21:06:16 [trace] [system.CModule] Loading "request" application component
in /Applications/MAMP/htdocs/startapp/startapp/start/index.php (12)
2011/06/08 21:06:16 [trace] [system.CModule] Loading "urlManager" application component
in /Applications/MAMP/htdocs/startapp/startapp/start/index.php (12)
2011/06/08 21:06:16 [trace] [system.web.filters.CFilterChain] Running filter BookmarkController.filteraccessControl()
in /Applications/MAMP/htdocs/startapp/startapp/start/index.php (12)
2011/06/08 21:06:16 [trace] [system.CModule] Loading "user" application component
in /Applications/MAMP/htdocs/startapp/startapp/start/index.php (12)
2011/06/08 21:06:16 [trace] [system.CModule] Loading "session" application component
in /Applications/MAMP/htdocs/startapp/startapp/start/index.php (12)
2011/06/08 21:06:16 [trace] [system.CModule] Loading "db" application component
in /Applications/MAMP/htdocs/startapp/startapp/start/protected/models/Bookmark.php (27)
in /Applications/MAMP/htdocs/startapp/startapp/start/protected/controllers/BookmarkController.php (268)
in /Applications/MAMP/htdocs/startapp/startapp/start/index.php (12)
2011/06/08 21:06:16 [trace] [system.db.CDbConnection] Opening DB connection
in /Applications/MAMP/htdocs/startapp/startapp/start/protected/models/Bookmark.php (27)
in /Applications/MAMP/htdocs/startapp/startapp/start/protected/controllers/BookmarkController.php (268)
in /Applications/MAMP/htdocs/startapp/startapp/start/index.php (12)
2011/06/08 21:06:16 [trace] [system.db.CDbCommand] Querying SQL: SHOW COLUMNS FROM `tbl_bookmark`
in /Applications/MAMP/htdocs/startapp/startapp/start/protected/models/Bookmark.php (27)
in /Applications/MAMP/htdocs/startapp/startapp/start/protected/controllers/BookmarkController.php (268)
in /Applications/MAMP/htdocs/startapp/startapp/start/index.php (12)
2011/06/08 21:06:16 [trace] [system.db.CDbCommand] Querying SQL: SHOW CREATE TABLE `tbl_bookmark`
in /Applications/MAMP/htdocs/startapp/startapp/start/protected/models/Bookmark.php (27)
in /Applications/MAMP/htdocs/startapp/startapp/start/protected/controllers/BookmarkController.php (268)
in /Applications/MAMP/htdocs/startapp/startapp/start/index.php (12)
2011/06/08 21:06:16 [trace] [system.CModule] Loading "themeManager" application component
in /Applications/MAMP/htdocs/startapp/startapp/start/protected/controllers/BookmarkController.php (271)
in /Applications/MAMP/htdocs/startapp/startapp/start/index.php (12)
2011/06/08 21:06:16 [trace] [system.CModule] Loading "widgetFactory" application component
in /Applications/MAMP/htdocs/startapp/startapp/start/themes/minimal/views/bookmark/index.php (29)
in /Applications/MAMP/htdocs/startapp/startapp/start/protected/controllers/BookmarkController.php (271)
in /Applications/MAMP/htdocs/startapp/startapp/start/index.php (12)
2011/06/08 21:06:16 [trace] [system.db.ar.CActiveRecord] Bookmark.count()
in /Applications/MAMP/htdocs/startapp/startapp/start/themes/minimal/views/bookmark/index.php (29)
in /Applications/MAMP/htdocs/startapp/startapp/start/protected/controllers/BookmarkController.php (271)
in /Applications/MAMP/htdocs/startapp/startapp/start/index.php (12)
2011/06/08 21:06:16 [trace] [system.db.CDbCommand] Querying SQL: SELECT COUNT(*) FROM `tbl_bookmark` `t` WHERE user_bk_id=6
in /Applications/MAMP/htdocs/startapp/startapp/start/themes/minimal/views/bookmark/index.php (29)
in /Applications/MAMP/htdocs/startapp/startapp/start/protected/controllers/BookmarkController.php (271)
in /Applications/MAMP/htdocs/startapp/startapp/start/index.php (12)
2011/06/08 21:06:16 [trace] [system.db.ar.CActiveRecord] Bookmark.findAll()
in /Applications/MAMP/htdocs/startapp/startapp/start/themes/minimal/views/bookmark/index.php (29)
in /Applications/MAMP/htdocs/startapp/startapp/start/protected/controllers/BookmarkController.php (271)
in /Applications/MAMP/htdocs/startapp/startapp/start/index.php (12)
2011/06/08 21:06:16 [trace] [system.db.CDbCommand] Querying SQL: SELECT * FROM `tbl_bookmark` `t` WHERE user_bk_id=6 LIMIT 10
in /Applications/MAMP/htdocs/startapp/startapp/start/themes/minimal/views/bookmark/index.php (29)
in /Applications/MAMP/htdocs/startapp/startapp/start/protected/controllers/BookmarkController.php (271)
in /Applications/MAMP/htdocs/startapp/startapp/start/index.php (12)
2011/06/08 21:06:16 [trace] [system.CModule] Loading "assetManager" application component
in /Applications/MAMP/htdocs/startapp/startapp/start/themes/minimal/views/bookmark/index.php (29)
in /Applications/MAMP/htdocs/startapp/startapp/start/protected/controllers/BookmarkController.php (271)
in /Applications/MAMP/htdocs/startapp/startapp/start/index.php (12)
2011/06/08 21:06:16 [trace] [system.CModule] Loading "clientScript" application component
in /Applications/MAMP/htdocs/startapp/startapp/start/themes/minimal/views/bookmark/index.php (29)
in /Applications/MAMP/htdocs/startapp/startapp/start/protected/controllers/BookmarkController.php (271)
in /Applications/MAMP/htdocs/startapp/startapp/start/index.php (12)
2011/06/08 21:06:16 [trace] [system.CModule] Loading "coreMessages" application component
in /Applications/MAMP/htdocs/startapp/startapp/start/themes/minimal/views/bookmark/index.php (29)
in /Applications/MAMP/htdocs/startapp/startapp/start/protected/controllers/BookmarkController.php (271)
in /Applications/MAMP/htdocs/startapp/startapp/start/index.php (12)
2011/06/08 21:06:21 [trace] [system.CModule] Loading "log" application component
in /Applications/MAMP/htdocs/startapp/startapp/start/index.php (12)
2011/06/08 21:06:21 [trace] [system.CModule] Loading "request" application component
in /Applications/MAMP/htdocs/startapp/startapp/start/index.php (12)
2011/06/08 21:06:21 [trace] [system.CModule] Loading "urlManager" application component
in /Applications/MAMP/htdocs/startapp/startapp/start/index.php (12)
2011/06/08 21:06:21 [trace] [system.web.filters.CFilterChain] Running filter BookmarkController.filteraccessControl()
in /Applications/MAMP/htdocs/startapp/startapp/start/index.php (12)
2011/06/08 21:06:21 [trace] [system.CModule] Loading "user" application component
in /Applications/MAMP/htdocs/startapp/startapp/start/index.php (12)
2011/06/08 21:06:21 [trace] [system.CModule] Loading "session" application component
in /Applications/MAMP/htdocs/startapp/startapp/start/index.php (12)
2011/06/08 21:06:21 [trace] [system.CModule] Loading "db" application component
in /Applications/MAMP/htdocs/startapp/startapp/start/protected/controllers/BookmarkController.php (98)
in /Applications/MAMP/htdocs/startapp/startapp/start/index.php (12)
2011/06/08 21:06:21 [trace] [system.db.CDbConnection] Opening DB connection
in /Applications/MAMP/htdocs/startapp/startapp/start/protected/controllers/BookmarkController.php (98)
in /Applications/MAMP/htdocs/startapp/startapp/start/index.php (12)
2011/06/08 21:06:21 [trace] [system.db.CDbCommand] Querying SQL: SHOW COLUMNS FROM `tbl_bookmark`
in /Applications/MAMP/htdocs/startapp/startapp/start/protected/controllers/BookmarkController.php (98)
in /Applications/MAMP/htdocs/startapp/startapp/start/index.php (12)
2011/06/08 21:06:21 [trace] [system.db.CDbCommand] Querying SQL: SHOW CREATE TABLE `tbl_bookmark`
in /Applications/MAMP/htdocs/startapp/startapp/start/protected/controllers/BookmarkController.php (98)
in /Applications/MAMP/htdocs/startapp/startapp/start/index.php (12)
2011/06/08 21:06:25 [trace] [system.CModule] Loading "log" application component
in /Applications/MAMP/htdocs/startapp/startapp/start/index.php (12)
2011/06/08 21:06:25 [trace] [system.CModule] Loading "request" application component
in /Applications/MAMP/htdocs/startapp/startapp/start/index.php (12)
2011/06/08 21:06:25 [trace] [system.CModule] Loading "urlManager" application component
in /Applications/MAMP/htdocs/startapp/startapp/start/index.php (12)
2011/06/08 21:06:25 [trace] [system.web.filters.CFilterChain] Running filter BookmarkController.filteraccessControl()
in /Applications/MAMP/htdocs/startapp/startapp/start/index.php (12)
2011/06/08 21:06:25 [trace] [system.CModule] Loading "user" application component
in /Applications/MAMP/htdocs/startapp/startapp/start/index.php (12)
2011/06/08 21:06:25 [trace] [system.CModule] Loading "session" application component
in /Applications/MAMP/htdocs/startapp/startapp/start/index.php (12)
2011/06/08 21:06:25 [trace] [system.CModule] Loading "db" application component
in /Applications/MAMP/htdocs/startapp/startapp/start/protected/controllers/BookmarkController.php (98)
in /Applications/MAMP/htdocs/startapp/startapp/start/index.php (12)
2011/06/08 21:06:25 [trace] [system.db.CDbConnection] Opening DB connection
in /Applications/MAMP/htdocs/startapp/startapp/start/protected/controllers/BookmarkController.php (98)
in /Applications/MAMP/htdocs/startapp/startapp/start/index.php (12)
2011/06/08 21:06:25 [trace] [system.db.CDbCommand] Querying SQL: SHOW COLUMNS FROM `tbl_bookmark`
in /Applications/MAMP/htdocs/startapp/startapp/start/protected/controllers/BookmarkController.php (98)
in /Applications/MAMP/htdocs/startapp/startapp/start/index.php (12)
2011/06/08 21:06:25 [trace] [system.db.CDbCommand] Querying SQL: SHOW CREATE TABLE `tbl_bookmark`
in /Applications/MAMP/htdocs/startapp/startapp/start/protected/controllers/BookmarkController.php (98)
in /Applications/MAMP/htdocs/startapp/startapp/start/index.php (12)
2011/06/08 21:06:28 [trace] [system.CModule] Loading "log" application component
in /Applications/MAMP/htdocs/startapp/startapp/start/index.php (12)
2011/06/08 21:06:28 [trace] [system.CModule] Loading "request" application component
in /Applications/MAMP/htdocs/startapp/startapp/start/index.php (12)
2011/06/08 21:06:28 [trace] [system.CModule] Loading "urlManager" application component
in /Applications/MAMP/htdocs/startapp/startapp/start/index.php (12)
2011/06/08 21:06:28 [trace] [system.web.filters.CFilterChain] Running filter BookmarkController.filteraccessControl()
in /Applications/MAMP/htdocs/startapp/startapp/start/index.php (12)
2011/06/08 21:06:28 [trace] [system.CModule] Loading "user" application component
in /Applications/MAMP/htdocs/startapp/startapp/start/index.php (12)
2011/06/08 21:06:28 [trace] [system.CModule] Loading "session" application component
in /Applications/MAMP/htdocs/startapp/startapp/start/index.php (12)
2011/06/08 21:06:33 [trace] [system.CModule] Loading "db" application component
in /Applications/MAMP/htdocs/startapp/startapp/start/protected/models/Bookmark.php (27)
in /Applications/MAMP/htdocs/startapp/startapp/start/protected/controllers/BookmarkController.php (268)
in /Applications/MAMP/htdocs/startapp/startapp/start/index.php (12)
2011/06/08 21:06:33 [trace] [system.db.CDbConnection] Opening DB connection
in /Applications/MAMP/htdocs/startapp/startapp/start/protected/models/Bookmark.php (27)
in /Applications/MAMP/htdocs/startapp/startapp/start/protected/controllers/BookmarkController.php (268)
in /Applications/MAMP/htdocs/startapp/startapp/start/index.php (12)
2011/06/08 21:06:33 [trace] [system.db.CDbCommand] Querying SQL: SHOW COLUMNS FROM `tbl_bookmark`
in /Applications/MAMP/htdocs/startapp/startapp/start/protected/models/Bookmark.php (27)
in /Applications/MAMP/htdocs/startapp/startapp/start/protected/controllers/BookmarkController.php (268)
in /Applications/MAMP/htdocs/startapp/startapp/start/index.php (12)
2011/06/08 21:06:33 [trace] [system.db.CDbCommand] Querying SQL: SHOW CREATE TABLE `tbl_bookmark`
in /Applications/MAMP/htdocs/startapp/startapp/start/protected/models/Bookmark.php (27)
in /Applications/MAMP/htdocs/startapp/startapp/start/protected/controllers/BookmarkController.php (268)
in /Applications/MAMP/htdocs/startapp/startapp/start/index.php (12)
2011/06/08 21:06:33 [trace] [system.CModule] Loading "themeManager" application component
in /Applications/MAMP/htdocs/startapp/startapp/start/protected/controllers/BookmarkController.php (271)
in /Applications/MAMP/htdocs/startapp/startapp/start/index.php (12)
2011/06/08 21:06:33 [trace] [system.CModule] Loading "widgetFactory" application component
in /Applications/MAMP/htdocs/startapp/startapp/start/themes/minimal/views/bookmark/index.php (29)
in /Applications/MAMP/htdocs/startapp/startapp/start/protected/controllers/BookmarkController.php (271)
in /Applications/MAMP/htdocs/startapp/startapp/start/index.php (12)
2011/06/08 21:06:33 [trace] [system.db.ar.CActiveRecord] Bookmark.count()
in /Applications/MAMP/htdocs/startapp/startapp/start/themes/minimal/views/bookmark/index.php (29)
in /Applications/MAMP/htdocs/startapp/startapp/start/protected/controllers/BookmarkController.php (271)
in /Applications/MAMP/htdocs/startapp/startapp/start/index.php (12)
2011/06/08 21:06:33 [trace] [system.db.CDbCommand] Querying SQL: SELECT COUNT(*) FROM `tbl_bookmark` `t` WHERE user_bk_id=6
in /Applications/MAMP/htdocs/startapp/startapp/start/themes/minimal/views/bookmark/index.php (29)
in /Applications/MAMP/htdocs/startapp/startapp/start/protected/controllers/BookmarkController.php (271)
in /Applications/MAMP/htdocs/startapp/startapp/start/index.php (12)
2011/06/08 21:06:33 [trace] [system.db.ar.CActiveRecord] Bookmark.findAll()
in /Applications/MAMP/htdocs/startapp/startapp/start/themes/minimal/views/bookmark/index.php (29)
in /Applications/MAMP/htdocs/startapp/startapp/start/protected/controllers/BookmarkController.php (271)
in /Applications/MAMP/htdocs/startapp/startapp/start/index.php (12)
2011/06/08 21:06:33 [trace] [system.db.CDbCommand] Querying SQL: SELECT * FROM `tbl_bookmark` `t` WHERE user_bk_id=6 LIMIT 10
in /Applications/MAMP/htdocs/startapp/startapp/start/themes/minimal/views/bookmark/index.php (29)
in /Applications/MAMP/htdocs/startapp/startapp/start/protected/controllers/BookmarkController.php (271)
in /Applications/MAMP/htdocs/startapp/startapp/start/index.php (12)
2011/06/08 21:06:33 [trace] [system.CModule] Loading "assetManager" application component
in /Applications/MAMP/htdocs/startapp/startapp/start/themes/minimal/views/bookmark/index.php (29)
in /Applications/MAMP/htdocs/startapp/startapp/start/protected/controllers/BookmarkController.php (271)
in /Applications/MAMP/htdocs/startapp/startapp/start/index.php (12)
2011/06/08 21:06:33 [trace] [system.CModule] Loading "clientScript" application component
in /Applications/MAMP/htdocs/startapp/startapp/start/themes/minimal/views/bookmark/index.php (29)
in /Applications/MAMP/htdocs/startapp/startapp/start/protected/controllers/BookmarkController.php (271)
in /Applications/MAMP/htdocs/startapp/startapp/start/index.php (12)
2011/06/08 21:06:33 [trace] [system.CModule] Loading "coreMessages" application component
in /Applications/MAMP/htdocs/startapp/startapp/start/themes/minimal/views/bookmark/index.php (29)
in /Applications/MAMP/htdocs/startapp/startapp/start/protected/controllers/BookmarkController.php (271)
in /Applications/MAMP/htdocs/startapp/startapp/start/index.php (12)
2011/06/08 21:06:33 [trace] [system.CModule] Loading "format" application component
in /Applications/MAMP/htdocs/startapp/startapp/start/themes/minimal/views/bookmark/index.php (38)
in /Applications/MAMP/htdocs/startapp/startapp/start/protected/controllers/BookmarkController.php (271)
in /Applications/MAMP/htdocs/startapp/startapp/start/index.php (12)
2011/06/08 21:06:47 [trace] [system.CModule] Loading "log" application component
in /Applications/MAMP/htdocs/startapp/startapp/start/index.php (12)
2011/06/08 21:06:47 [trace] [system.CModule] Loading "request" application component
in /Applications/MAMP/htdocs/startapp/startapp/start/index.php (12)
2011/06/08 21:06:47 [trace] [system.CModule] Loading "urlManager" application component
in /Applications/MAMP/htdocs/startapp/startapp/start/index.php (12)
2011/06/08 21:06:47 [trace] [system.web.filters.CFilterChain] Running filter BookmarkController.filteraccessControl()
in /Applications/MAMP/htdocs/startapp/startapp/start/index.php (12)
2011/06/08 21:06:47 [trace] [system.CModule] Loading "user" application component
in /Applications/MAMP/htdocs/startapp/startapp/start/index.php (12)
2011/06/08 21:06:47 [trace] [system.CModule] Loading "session" application component
in /Applications/MAMP/htdocs/startapp/startapp/start/index.php (12)
2011/06/08 21:06:47 [trace] [system.CModule] Loading "db" application component
in /Applications/MAMP/htdocs/startapp/startapp/start/protected/models/Bookmark.php (27)
in /Applications/MAMP/htdocs/startapp/startapp/start/protected/controllers/BookmarkController.php (268)
in /Applications/MAMP/htdocs/startapp/startapp/start/index.php (12)
2011/06/08 21:06:47 [trace] [system.db.CDbConnection] Opening DB connection
in /Applications/MAMP/htdocs/startapp/startapp/start/protected/models/Bookmark.php (27)
in /Applications/MAMP/htdocs/startapp/startapp/start/protected/controllers/BookmarkController.php (268)
in /Applications/MAMP/htdocs/startapp/startapp/start/index.php (12)
2011/06/08 21:06:47 [trace] [system.db.CDbCommand] Querying SQL: SHOW COLUMNS FROM `tbl_bookmark`
in /Applications/MAMP/htdocs/startapp/startapp/start/protected/models/Bookmark.php (27)
in /Applications/MAMP/htdocs/startapp/startapp/start/protected/controllers/BookmarkController.php (268)
in /Applications/MAMP/htdocs/startapp/startapp/start/index.php (12)
2011/06/08 21:06:47 [trace] [system.db.CDbCommand] Querying SQL: SHOW CREATE TABLE `tbl_bookmark`
in /Applications/MAMP/htdocs/startapp/startapp/start/protected/models/Bookmark.php (27)
in /Applications/MAMP/htdocs/startapp/startapp/start/protected/controllers/BookmarkController.php (268)
in /Applications/MAMP/htdocs/startapp/startapp/start/index.php (12)
2011/06/08 21:06:47 [trace] [system.CModule] Loading "themeManager" application component
in /Applications/MAMP/htdocs/startapp/startapp/start/protected/controllers/BookmarkController.php (271)
in /Applications/MAMP/htdocs/startapp/startapp/start/index.php (12)
2011/06/08 21:06:47 [trace] [system.CModule] Loading "widgetFactory" application component
in /Applications/MAMP/htdocs/startapp/startapp/start/themes/minimal/views/bookmark/index.php (29)
in /Applications/MAMP/htdocs/startapp/startapp/start/protected/controllers/BookmarkController.php (271)
in /Applications/MAMP/htdocs/startapp/startapp/start/index.php (12)
2011/06/08 21:06:47 [trace] [system.db.ar.CActiveRecord] Bookmark.count()
in /Applications/MAMP/htdocs/startapp/startapp/start/themes/minimal/views/bookmark/index.php (29)
in /Applications/MAMP/htdocs/startapp/startapp/start/protected/controllers/BookmarkController.php (271)
in /Applications/MAMP/htdocs/startapp/startapp/start/index.php (12)
2011/06/08 21:06:47 [trace] [system.db.CDbCommand] Querying SQL: SELECT COUNT(*) FROM `tbl_bookmark` `t` WHERE user_bk_id=6
in /Applications/MAMP/htdocs/startapp/startapp/start/themes/minimal/views/bookmark/index.php (29)
in /Applications/MAMP/htdocs/startapp/startapp/start/protected/controllers/BookmarkController.php (271)
in /Applications/MAMP/htdocs/startapp/startapp/start/index.php (12)
2011/06/08 21:06:47 [trace] [system.db.ar.CActiveRecord] Bookmark.findAll()
in /Applications/MAMP/htdocs/startapp/startapp/start/themes/minimal/views/bookmark/index.php (29)
in /Applications/MAMP/htdocs/startapp/startapp/start/protected/controllers/BookmarkController.php (271)
in /Applications/MAMP/htdocs/startapp/startapp/start/index.php (12)
2011/06/08 21:06:47 [trace] [system.db.CDbCommand] Querying SQL: SELECT * FROM `tbl_bookmark` `t` WHERE user_bk_id=6 LIMIT 10
in /Applications/MAMP/htdocs/startapp/startapp/start/themes/minimal/views/bookmark/index.php (29)
in /Applications/MAMP/htdocs/startapp/startapp/start/protected/controllers/BookmarkController.php (271)
in /Applications/MAMP/htdocs/startapp/startapp/start/index.php (12)
2011/06/08 21:06:47 [trace] [system.CModule] Loading "assetManager" application component
in /Applications/MAMP/htdocs/startapp/startapp/start/themes/minimal/views/bookmark/index.php (29)
in /Applications/MAMP/htdocs/startapp/startapp/start/protected/controllers/BookmarkController.php (271)
in /Applications/MAMP/htdocs/startapp/startapp/start/index.php (12)
2011/06/08 21:06:47 [trace] [system.CModule] Loading "clientScript" application component
in /Applications/MAMP/htdocs/startapp/startapp/start/themes/minimal/views/bookmark/index.php (29)
in /Applications/MAMP/htdocs/startapp/startapp/start/protected/controllers/BookmarkController.php (271)
in /Applications/MAMP/htdocs/startapp/startapp/start/index.php (12)
2011/06/08 21:06:47 [trace] [system.CModule] Loading "coreMessages" application component
in /Applications/MAMP/htdocs/startapp/startapp/start/themes/minimal/views/bookmark/index.php (29)
in /Applications/MAMP/htdocs/startapp/startapp/start/protected/controllers/BookmarkController.php (271)
in /Applications/MAMP/htdocs/startapp/startapp/start/index.php (12)
2011/06/08 21:06:48 [trace] [system.CModule] Loading "format" application component
in /Applications/MAMP/htdocs/startapp/startapp/start/themes/minimal/views/bookmark/index.php (38)
in /Applications/MAMP/htdocs/startapp/startapp/start/protected/controllers/BookmarkController.php (271)
in /Applications/MAMP/htdocs/startapp/startapp/start/index.php (12)
2011/06/08 21:06:51 [trace] [system.CModule] Loading "log" application component
in /Applications/MAMP/htdocs/startapp/startapp/start/index.php (12)
2011/06/08 21:06:51 [trace] [system.CModule] Loading "request" application component
in /Applications/MAMP/htdocs/startapp/startapp/start/index.php (12)
2011/06/08 21:06:51 [trace] [system.CModule] Loading "urlManager" application component
in /Applications/MAMP/htdocs/startapp/startapp/start/index.php (12)
2011/06/08 21:06:51 [trace] [system.web.filters.CFilterChain] Running filter BookmarkController.filteraccessControl()
in /Applications/MAMP/htdocs/startapp/startapp/start/index.php (12)
2011/06/08 21:06:51 [trace] [system.CModule] Loading "user" application component
in /Applications/MAMP/htdocs/startapp/startapp/start/index.php (12)
2011/06/08 21:06:51 [trace] [system.CModule] Loading "session" application component
in /Applications/MAMP/htdocs/startapp/startapp/start/index.php (12)
2011/06/08 21:06:51 [trace] [system.CModule] Loading "db" application component
in /Applications/MAMP/htdocs/startapp/startapp/start/protected/models/Bookmark.php (27)
in /Applications/MAMP/htdocs/startapp/startapp/start/protected/controllers/BookmarkController.php (268)
in /Applications/MAMP/htdocs/startapp/startapp/start/index.php (12)
2011/06/08 21:06:51 [trace] [system.db.CDbConnection] Opening DB connection
in /Applications/MAMP/htdocs/startapp/startapp/start/protected/models/Bookmark.php (27)
in /Applications/MAMP/htdocs/startapp/startapp/start/protected/controllers/BookmarkController.php (268)
in /Applications/MAMP/htdocs/startapp/startapp/start/index.php (12)
2011/06/08 21:06:51 [trace] [system.db.CDbCommand] Querying SQL: SHOW COLUMNS FROM `tbl_bookmark`
in /Applications/MAMP/htdocs/startapp/startapp/start/protected/models/Bookmark.php (27)
in /Applications/MAMP/htdocs/startapp/startapp/start/protected/controllers/BookmarkController.php (268)
in /Applications/MAMP/htdocs/startapp/startapp/start/index.php (12)
2011/06/08 21:06:51 [trace] [system.db.CDbCommand] Querying SQL: SHOW CREATE TABLE `tbl_bookmark`
in /Applications/MAMP/htdocs/startapp/startapp/start/protected/models/Bookmark.php (27)
in /Applications/MAMP/htdocs/startapp/startapp/start/protected/controllers/BookmarkController.php (268)
in /Applications/MAMP/htdocs/startapp/startapp/start/index.php (12)
2011/06/08 21:06:51 [trace] [system.CModule] Loading "themeManager" application component
in /Applications/MAMP/htdocs/startapp/startapp/start/protected/controllers/BookmarkController.php (271)
in /Applications/MAMP/htdocs/startapp/startapp/start/index.php (12)
2011/06/08 21:06:51 [trace] [system.CModule] Loading "widgetFactory" application component
in /Applications/MAMP/htdocs/startapp/startapp/start/themes/minimal/views/bookmark/index.php (29)
in /Applications/MAMP/htdocs/startapp/startapp/start/protected/controllers/BookmarkController.php (271)
in /Applications/MAMP/htdocs/startapp/startapp/start/index.php (12)
2011/06/08 21:06:51 [trace] [system.db.ar.CActiveRecord] Bookmark.count()
in /Applications/MAMP/htdocs/startapp/startapp/start/themes/minimal/views/bookmark/index.php (29)
in /Applications/MAMP/htdocs/startapp/startapp/start/protected/controllers/BookmarkController.php (271)
in /Applications/MAMP/htdocs/startapp/startapp/start/index.php (12)
2011/06/08 21:06:51 [trace] [system.db.CDbCommand] Querying SQL: SELECT COUNT(*) FROM `tbl_bookmark` `t` WHERE user_bk_id=6
in /Applications/MAMP/htdocs/startapp/startapp/start/themes/minimal/views/bookmark/index.php (29)
in /Applications/MAMP/htdocs/startapp/startapp/start/protected/controllers/BookmarkController.php (271)
in /Applications/MAMP/htdocs/startapp/startapp/start/index.php (12)
2011/06/08 21:06:51 [trace] [system.db.ar.CActiveRecord] Bookmark.findAll()
in /Applications/MAMP/htdocs/startapp/startapp/start/themes/minimal/views/bookmark/index.php (29)
in /Applications/MAMP/htdocs/startapp/startapp/start/protected/controllers/BookmarkController.php (271)
in /Applications/MAMP/htdocs/startapp/startapp/start/index.php (12)
2011/06/08 21:06:51 [trace] [system.db.CDbCommand] Querying SQL: SELECT * FROM `tbl_bookmark` `t` WHERE user_bk_id=6 LIMIT 10
in /Applications/MAMP/htdocs/startapp/startapp/start/themes/minimal/views/bookmark/index.php (29)
in /Applications/MAMP/htdocs/startapp/startapp/start/protected/controllers/BookmarkController.php (271)
in /Applications/MAMP/htdocs/startapp/startapp/start/index.php (12)
2011/06/08 21:06:51 [trace] [system.CModule] Loading "assetManager" application component
in /Applications/MAMP/htdocs/startapp/startapp/start/themes/minimal/views/bookmark/index.php (29)
in /Applications/MAMP/htdocs/startapp/startapp/start/protected/controllers/BookmarkController.php (271)
in /Applications/MAMP/htdocs/startapp/startapp/start/index.php (12)
2011/06/08 21:06:51 [trace] [system.CModule] Loading "clientScript" application component
in /Applications/MAMP/htdocs/startapp/startapp/start/themes/minimal/views/bookmark/index.php (29)
in /Applications/MAMP/htdocs/startapp/startapp/start/protected/controllers/BookmarkController.php (271)
in /Applications/MAMP/htdocs/startapp/startapp/start/index.php (12)
2011/06/08 21:06:51 [trace] [system.CModule] Loading "coreMessages" application component
in /Applications/MAMP/htdocs/startapp/startapp/start/themes/minimal/views/bookmark/index.php (29)
in /Applications/MAMP/htdocs/startapp/startapp/start/protected/controllers/BookmarkController.php (271)
in /Applications/MAMP/htdocs/startapp/startapp/start/index.php (12)
2011/06/08 21:06:51 [trace] [system.CModule] Loading "format" application component
in /Applications/MAMP/htdocs/startapp/startapp/start/themes/minimal/views/bookmark/index.php (38)
in /Applications/MAMP/htdocs/startapp/startapp/start/protected/controllers/BookmarkController.php (271)
in /Applications/MAMP/htdocs/startapp/startapp/start/index.php (12)
