2011/04/24 08:50:27 [error] [exception.CException] exception 'CException' with message 'GD and FreeType PHP extensions are required.' in /var/www/vhosts/teeaich.kodingen.com/httpdocs/yii/framework/web/widgets/captcha/CCaptcha.php:90
Stack trace:
#0 /var/www/vhosts/teeaich.kodingen.com/httpdocs/yii/framework/web/CBaseController.php(166): CCaptcha->run()
#1 /var/www/vhosts/teeaich.kodingen.com/httpdocs/yii/demos/blog/protected/views/site/contact.php(54): CBaseController->widget('CCaptcha')
#2 /var/www/vhosts/teeaich.kodingen.com/httpdocs/yii/framework/web/CBaseController.php(119): require('/var/www/vhosts...')
#3 /var/www/vhosts/teeaich.kodingen.com/httpdocs/yii/framework/web/CBaseController.php(88): CBaseController->renderInternal('/var/www/vhosts...', Array, true)
#4 /var/www/vhosts/teeaich.kodingen.com/httpdocs/yii/framework/web/CController.php(866): CBaseController->renderFile('/var/www/vhosts...', Array, true)
#5 /var/www/vhosts/teeaich.kodingen.com/httpdocs/yii/framework/web/CController.php(779): CController->renderPartial('contact', Array, true)
#6 /var/www/vhosts/teeaich.kodingen.com/httpdocs/yii/demos/blog/protected/controllers/SiteController.php(57): CController->render('contact', Array)
#7 /var/www/vhosts/teeaich.kodingen.com/httpdocs/yii/framework/web/actions/CInlineAction.php(50): SiteController->actionContact()
#8 /var/www/vhosts/teeaich.kodingen.com/httpdocs/yii/framework/web/CController.php(300): CInlineAction->runWithParams(Array)
#9 /var/www/vhosts/teeaich.kodingen.com/httpdocs/yii/framework/web/CController.php(278): CController->runAction(Object(CInlineAction))
#10 /var/www/vhosts/teeaich.kodingen.com/httpdocs/yii/framework/web/CController.php(257): CController->runActionWithFilters(Object(CInlineAction), Array)
#11 /var/www/vhosts/teeaich.kodingen.com/httpdocs/yii/framework/web/CWebApplication.php(328): CController->run('contact')
#12 /var/www/vhosts/teeaich.kodingen.com/httpdocs/yii/framework/web/CWebApplication.php(121): CWebApplication->runController('site/contact')
#13 /var/www/vhosts/teeaich.kodingen.com/httpdocs/yii/framework/base/CApplication.php(155): CWebApplication->processRequest()
#14 /var/www/vhosts/teeaich.kodingen.com/httpdocs/yii/demos/blog/index.php(11): CApplication->run()
#15 {main} REQUEST_URI=/yii/demos/blog/index.php/site/contact
2011/04/26 10:09:02 [error] [exception.CHttpException.404] exception 'CHttpException' with message 'Unable to resolve the request "admin".' in /var/www/vhosts/teeaich.kodingen.com/httpdocs/yii/framework/web/CWebApplication.php:332
Stack trace:
#0 /var/www/vhosts/teeaich.kodingen.com/httpdocs/yii/framework/web/CWebApplication.php(121): CWebApplication->runController('admin')
#1 /var/www/vhosts/teeaich.kodingen.com/httpdocs/yii/framework/base/CApplication.php(155): CWebApplication->processRequest()
#2 /var/www/vhosts/teeaich.kodingen.com/httpdocs/yii/demos/blog/index.php(11): CApplication->run()
#3 {main} REQUEST_URI=/yii/demos/blog/index.php/admin
2011/04/26 10:09:24 [error] [exception.CHttpException.404] exception 'CHttpException' with message 'The requested page does not exist.' in /var/www/vhosts/teeaich.kodingen.com/httpdocs/yii/demos/blog/protected/controllers/PostController.php:183
Stack trace:
#0 /var/www/vhosts/teeaich.kodingen.com/httpdocs/yii/demos/blog/protected/controllers/PostController.php(48): PostController->loadModel()
#1 /var/www/vhosts/teeaich.kodingen.com/httpdocs/yii/framework/web/actions/CInlineAction.php(50): PostController->actionView()
#2 /var/www/vhosts/teeaich.kodingen.com/httpdocs/yii/framework/web/CController.php(300): CInlineAction->runWithParams(Array)
#3 /var/www/vhosts/teeaich.kodingen.com/httpdocs/yii/framework/web/filters/CFilterChain.php(133): CController->runAction(Object(CInlineAction))
#4 /var/www/vhosts/teeaich.kodingen.com/httpdocs/yii/framework/web/filters/CFilter.php(41): CFilterChain->run()
#5 /var/www/vhosts/teeaich.kodingen.com/httpdocs/yii/framework/web/CController.php(1122): CFilter->filter(Object(CFilterChain))
#6 /var/www/vhosts/teeaich.kodingen.com/httpdocs/yii/framework/web/filters/CInlineFilter.php(59): CController->filterAccessControl(Object(CFilterChain))
#7 /var/www/vhosts/teeaich.kodingen.com/httpdocs/yii/framework/web/filters/CFilterChain.php(130): CInlineFilter->filter(Object(CFilterChain))
#8 /var/www/vhosts/teeaich.kodingen.com/httpdocs/yii/framework/web/CController.php(283): CFilterChain->run()
#9 /var/www/vhosts/teeaich.kodingen.com/httpdocs/yii/framework/web/CController.php(257): CController->runActionWithFilters(Object(CInlineAction), Array)
#10 /var/www/vhosts/teeaich.kodingen.com/httpdocs/yii/framework/web/CWebApplication.php(328): CController->run('view')
#11 /var/www/vhosts/teeaich.kodingen.com/httpdocs/yii/framework/web/CWebApplication.php(121): CWebApplication->runController('post/view')
#12 /var/www/vhosts/teeaich.kodingen.com/httpdocs/yii/framework/base/CApplication.php(155): CWebApplication->processRequest()
#13 /var/www/vhosts/teeaich.kodingen.com/httpdocs/yii/demos/blog/index.php(11): CApplication->run()
#14 {main} REQUEST_URI=/yii/demos/blog/index.php/post/view
2011/04/26 10:09:30 [error] [exception.CHttpException.404] exception 'CHttpException' with message 'The requested page does not exist.' in /var/www/vhosts/teeaich.kodingen.com/httpdocs/yii/demos/blog/protected/controllers/PostController.php:183
Stack trace:
#0 /var/www/vhosts/teeaich.kodingen.com/httpdocs/yii/demos/blog/protected/controllers/PostController.php(48): PostController->loadModel()
#1 /var/www/vhosts/teeaich.kodingen.com/httpdocs/yii/framework/web/actions/CInlineAction.php(50): PostController->actionView()
#2 /var/www/vhosts/teeaich.kodingen.com/httpdocs/yii/framework/web/CController.php(300): CInlineAction->runWithParams(Array)
#3 /var/www/vhosts/teeaich.kodingen.com/httpdocs/yii/framework/web/filters/CFilterChain.php(133): CController->runAction(Object(CInlineAction))
#4 /var/www/vhosts/teeaich.kodingen.com/httpdocs/yii/framework/web/filters/CFilter.php(41): CFilterChain->run()
#5 /var/www/vhosts/teeaich.kodingen.com/httpdocs/yii/framework/web/CController.php(1122): CFilter->filter(Object(CFilterChain))
#6 /var/www/vhosts/teeaich.kodingen.com/httpdocs/yii/framework/web/filters/CInlineFilter.php(59): CController->filterAccessControl(Object(CFilterChain))
#7 /var/www/vhosts/teeaich.kodingen.com/httpdocs/yii/framework/web/filters/CFilterChain.php(130): CInlineFilter->filter(Object(CFilterChain))
#8 /var/www/vhosts/teeaich.kodingen.com/httpdocs/yii/framework/web/CController.php(283): CFilterChain->run()
#9 /var/www/vhosts/teeaich.kodingen.com/httpdocs/yii/framework/web/CController.php(257): CController->runActionWithFilters(Object(CInlineAction), Array)
#10 /var/www/vhosts/teeaich.kodingen.com/httpdocs/yii/framework/web/CWebApplication.php(328): CController->run('view')
#11 /var/www/vhosts/teeaich.kodingen.com/httpdocs/yii/framework/web/CWebApplication.php(121): CWebApplication->runController('post/view/1')
#12 /var/www/vhosts/teeaich.kodingen.com/httpdocs/yii/framework/base/CApplication.php(155): CWebApplication->processRequest()
#13 /var/www/vhosts/teeaich.kodingen.com/httpdocs/yii/demos/blog/index.php(11): CApplication->run()
#14 {main} REQUEST_URI=/yii/demos/blog/index.php/post/view/1
2011/05/23 05:47:36 [error] [exception.CException] exception 'CException' with message 'GD and FreeType PHP extensions are required.' in /var/www/vhosts/teeaich.kodingen.com/httpdocs/yii/framework/web/widgets/captcha/CCaptcha.php:90
Stack trace:
#0 /var/www/vhosts/teeaich.kodingen.com/httpdocs/yii/framework/web/CBaseController.php(166): CCaptcha->run()
#1 /var/www/vhosts/teeaich.kodingen.com/httpdocs/yii/demos/blog/protected/views/site/contact.php(54): CBaseController->widget('CCaptcha')
#2 /var/www/vhosts/teeaich.kodingen.com/httpdocs/yii/framework/web/CBaseController.php(119): require('/var/www/vhosts...')
#3 /var/www/vhosts/teeaich.kodingen.com/httpdocs/yii/framework/web/CBaseController.php(88): CBaseController->renderInternal('/var/www/vhosts...', Array, true)
#4 /var/www/vhosts/teeaich.kodingen.com/httpdocs/yii/framework/web/CController.php(866): CBaseController->renderFile('/var/www/vhosts...', Array, true)
#5 /var/www/vhosts/teeaich.kodingen.com/httpdocs/yii/framework/web/CController.php(779): CController->renderPartial('contact', Array, true)
#6 /var/www/vhosts/teeaich.kodingen.com/httpdocs/yii/demos/blog/protected/controllers/SiteController.php(57): CController->render('contact', Array)
#7 /var/www/vhosts/teeaich.kodingen.com/httpdocs/yii/framework/web/actions/CInlineAction.php(50): SiteController->actionContact()
#8 /var/www/vhosts/teeaich.kodingen.com/httpdocs/yii/framework/web/CController.php(300): CInlineAction->runWithParams(Array)
#9 /var/www/vhosts/teeaich.kodingen.com/httpdocs/yii/framework/web/CController.php(278): CController->runAction(Object(CInlineAction))
#10 /var/www/vhosts/teeaich.kodingen.com/httpdocs/yii/framework/web/CController.php(257): CController->runActionWithFilters(Object(CInlineAction), Array)
#11 /var/www/vhosts/teeaich.kodingen.com/httpdocs/yii/framework/web/CWebApplication.php(328): CController->run('contact')
#12 /var/www/vhosts/teeaich.kodingen.com/httpdocs/yii/framework/web/CWebApplication.php(121): CWebApplication->runController('site/contact')
#13 /var/www/vhosts/teeaich.kodingen.com/httpdocs/yii/framework/base/CApplication.php(155): CWebApplication->processRequest()
#14 /var/www/vhosts/teeaich.kodingen.com/httpdocs/yii/demos/blog/index.php(11): CApplication->run()
#15 {main} REQUEST_URI=/yii/demos/blog/index.php/site/contact
